/!\ FAILSAFE /!\  Fri Jan 22 11:09:08 +0530 2010
  Status: 500 Internal Server Error
  no such file to load -- sqlite3
    /usr/lib/ruby/1.8/rubygems/custom_require.rb:31:in `gem_original_require'
    /usr/lib/ruby/1.8/rubygems/custom_require.rb:31:in `require'
    /var/lib/gems/1.8/gems/activesupport-2.3.2/lib/active_support/dependencies.rb:156:in `require'
    /var/lib/gems/1.8/gems/activesupport-2.3.2/lib/active_support/dependencies.rb:521:in `new_constants_in'
    /var/lib/gems/1.8/gems/activesupport-2.3.2/lib/active_support/dependencies.rb:156:in `require'
    /var/lib/gems/1.8/gems/activesupport-2.3.2/lib/active_support/core_ext/kernel/requires.rb:7:in `require_library_or_gem'
    /var/lib/gems/1.8/gems/activesupport-2.3.2/lib/active_support/core_ext/kernel/reporting.rb:11:in `silence_warnings'
    /var/lib/gems/1.8/gems/activesupport-2.3.2/lib/active_support/core_ext/kernel/requires.rb:5:in `require_library_or_gem'
    /var/lib/gems/1.8/gems/activerecord-2.3.2/lib/active_record/connection_adapters/sqlite3_adapter.rb:10:in `sqlite3_connection'
    /var/lib/gems/1.8/gems/activerecord-2.3.2/lib/active_record/connection_adapters/abstract/connection_pool.rb:223:in `send'
    /var/lib/gems/1.8/gems/activerecord-2.3.2/lib/active_record/connection_adapters/abstract/connection_pool.rb:223:in `new_connection'
    /var/lib/gems/1.8/gems/activerecord-2.3.2/lib/active_record/connection_adapters/abstract/connection_pool.rb:245:in `checkout_new_connection'
    /var/lib/gems/1.8/gems/activerecord-2.3.2/lib/active_record/connection_adapters/abstract/connection_pool.rb:188:in `checkout'
    /var/lib/gems/1.8/gems/activerecord-2.3.2/lib/active_record/connection_adapters/abstract/connection_pool.rb:184:in `loop'
    /var/lib/gems/1.8/gems/activerecord-2.3.2/lib/active_record/connection_adapters/abstract/connection_pool.rb:184:in `checkout'
    /usr/lib/ruby/1.8/monitor.rb:242:in `synchronize'
    /var/lib/gems/1.8/gems/activerecord-2.3.2/lib/active_record/connection_adapters/abstract/connection_pool.rb:183:in `checkout'
    /var/lib/gems/1.8/gems/activerecord-2.3.2/lib/active_record/connection_adapters/abstract/connection_pool.rb:98:in `connection'
    /var/lib/gems/1.8/gems/activerecord-2.3.2/lib/active_record/connection_adapters/abstract/connection_pool.rb:326:in `retrieve_connection'
    /var/lib/gems/1.8/gems/activerecord-2.3.2/lib/active_record/connection_adapters/abstract/connection_specification.rb:123:in `retrieve_connection'
    /var/lib/gems/1.8/gems/activerecord-2.3.2/lib/active_record/connection_adapters/abstract/connection_specification.rb:115:in `connection'
    /var/lib/gems/1.8/gems/activerecord-2.3.2/lib/active_record/query_cache.rb:9:in `cache'
    /var/lib/gems/1.8/gems/activerecord-2.3.2/lib/active_record/query_cache.rb:28:in `call'
    /var/lib/gems/1.8/gems/activerecord-2.3.2/lib/active_record/connection_adapters/abstract/connection_pool.rb:361:in `call'
    /var/lib/gems/1.8/gems/actionpack-2.3.2/lib/action_controller/vendor/rack-1.0/rack/head.rb:9:in `call'
    /var/lib/gems/1.8/gems/actionpack-2.3.2/lib/action_controller/vendor/rack-1.0/rack/methodoverride.rb:24:in `call'
    /var/lib/gems/1.8/gems/actionpack-2.3.2/lib/action_controller/params_parser.rb:15:in `call'
    /var/lib/gems/1.8/gems/actionpack-2.3.2/lib/action_controller/rewindable_input.rb:25:in `call'
    /var/lib/gems/1.8/gems/actionpack-2.3.2/lib/action_controller/session/cookie_store.rb:93:in `call'
    /var/lib/gems/1.8/gems/actionpack-2.3.2/lib/action_controller/reloader.rb:9:in `call'
    /var/lib/gems/1.8/gems/actionpack-2.3.2/lib/action_controller/failsafe.rb:11:in `call'
    /var/lib/gems/1.8/gems/actionpack-2.3.2/lib/action_controller/vendor/rack-1.0/rack/lock.rb:11:in `call'
    /var/lib/gems/1.8/gems/actionpack-2.3.2/lib/action_controller/vendor/rack-1.0/rack/lock.rb:11:in `synchronize'
    /var/lib/gems/1.8/gems/actionpack-2.3.2/lib/action_controller/vendor/rack-1.0/rack/lock.rb:11:in `call'
    /var/lib/gems/1.8/gems/actionpack-2.3.2/lib/action_controller/dispatcher.rb:106:in `call'
    /var/lib/gems/1.8/gems/actionpack-2.3.2/lib/action_controller/cgi_process.rb:44:in `dispatch_cgi'
    /var/lib/gems/1.8/gems/actionpack-2.3.2/lib/action_controller/dispatcher.rb:102:in `dispatch_cgi'
    /var/lib/gems/1.8/gems/actionpack-2.3.2/lib/action_controller/dispatcher.rb:28:in `dispatch'
    /var/lib/gems/1.8/gems/mongrel-1.1.5/bin/../lib/mongrel/rails.rb:76:in `process'
    /var/lib/gems/1.8/gems/mongrel-1.1.5/bin/../lib/mongrel/rails.rb:74:in `synchronize'
    /var/lib/gems/1.8/gems/mongrel-1.1.5/bin/../lib/mongrel/rails.rb:74:in `process'
    /var/lib/gems/1.8/gems/mongrel-1.1.5/bin/../lib/mongrel.rb:159:in `process_client'
    /var/lib/gems/1.8/gems/mongrel-1.1.5/bin/../lib/mongrel.rb:158:in `each'
    /var/lib/gems/1.8/gems/mongrel-1.1.5/bin/../lib/mongrel.rb:158:in `process_client'
    /var/lib/gems/1.8/gems/mongrel-1.1.5/bin/../lib/mongrel.rb:285:in `run'
    /var/lib/gems/1.8/gems/mongrel-1.1.5/bin/../lib/mongrel.rb:285:in `initialize'
    /var/lib/gems/1.8/gems/mongrel-1.1.5/bin/../lib/mongrel.rb:285:in `new'
    /var/lib/gems/1.8/gems/mongrel-1.1.5/bin/../lib/mongrel.rb:285:in `run'
    /var/lib/gems/1.8/gems/mongrel-1.1.5/bin/../lib/mongrel.rb:268:in `initialize'
    /var/lib/gems/1.8/gems/mongrel-1.1.5/bin/../lib/mongrel.rb:268:in `new'
    /var/lib/gems/1.8/gems/mongrel-1.1.5/bin/../lib/mongrel.rb:268:in `run'
    /var/lib/gems/1.8/gems/mongrel-1.1.5/bin/../lib/mongrel/configurator.rb:282:in `run'
    /var/lib/gems/1.8/gems/mongrel-1.1.5/bin/../lib/mongrel/configurator.rb:281:in `each'
    /var/lib/gems/1.8/gems/mongrel-1.1.5/bin/../lib/mongrel/configurator.rb:281:in `run'
    /var/lib/gems/1.8/gems/mongrel-1.1.5/bin/mongrel_rails:128:in `run'
    /var/lib/gems/1.8/gems/mongrel-1.1.5/bin/../lib/mongrel/command.rb:212:in `run'
    /var/lib/gems/1.8/gems/mongrel-1.1.5/bin/mongrel_rails:281
    /var/lib/gems/1.8/bin/mongrel_rails:19:in `load'
    /var/lib/gems/1.8/bin/mongrel_rails:19
/!\ FAILSAFE /!\  Fri Jan 22 11:11:20 +0530 2010
  Status: 500 Internal Server Error
  uninitialized constant Encoding
    /var/lib/gems/1.8/gems/activesupport-2.3.2/lib/active_support/dependencies.rb:443:in `load_missing_constant'
    /var/lib/gems/1.8/gems/activesupport-2.3.2/lib/active_support/dependencies.rb:80:in `const_missing'
    /var/lib/gems/1.8/gems/activesupport-2.3.2/lib/active_support/dependencies.rb:92:in `const_missing'
    /var/lib/gems/1.8/gems/sqlite3-0.0.6/lib/sqlite3/encoding.rb:9:in `find'
    /var/lib/gems/1.8/gems/sqlite3-0.0.6/lib/sqlite3/database.rb:69:in `initialize'
    /var/lib/gems/1.8/gems/activerecord-2.3.2/lib/active_record/connection_adapters/sqlite3_adapter.rb:13:in `new'
    /var/lib/gems/1.8/gems/activerecord-2.3.2/lib/active_record/connection_adapters/sqlite3_adapter.rb:13:in `sqlite3_connection'
    /var/lib/gems/1.8/gems/activerecord-2.3.2/lib/active_record/connection_adapters/abstract/connection_pool.rb:223:in `send'
    /var/lib/gems/1.8/gems/activerecord-2.3.2/lib/active_record/connection_adapters/abstract/connection_pool.rb:223:in `new_connection'
    /var/lib/gems/1.8/gems/activerecord-2.3.2/lib/active_record/connection_adapters/abstract/connection_pool.rb:245:in `checkout_new_connection'
    /var/lib/gems/1.8/gems/activerecord-2.3.2/lib/active_record/connection_adapters/abstract/connection_pool.rb:188:in `checkout'
    /var/lib/gems/1.8/gems/activerecord-2.3.2/lib/active_record/connection_adapters/abstract/connection_pool.rb:184:in `loop'
    /var/lib/gems/1.8/gems/activerecord-2.3.2/lib/active_record/connection_adapters/abstract/connection_pool.rb:184:in `checkout'
    /usr/lib/ruby/1.8/monitor.rb:242:in `synchronize'
    /var/lib/gems/1.8/gems/activerecord-2.3.2/lib/active_record/connection_adapters/abstract/connection_pool.rb:183:in `checkout'
    /var/lib/gems/1.8/gems/activerecord-2.3.2/lib/active_record/connection_adapters/abstract/connection_pool.rb:98:in `connection'
    /var/lib/gems/1.8/gems/activerecord-2.3.2/lib/active_record/connection_adapters/abstract/connection_pool.rb:326:in `retrieve_connection'
    /var/lib/gems/1.8/gems/activerecord-2.3.2/lib/active_record/connection_adapters/abstract/connection_specification.rb:123:in `retrieve_connection'
    /var/lib/gems/1.8/gems/activerecord-2.3.2/lib/active_record/connection_adapters/abstract/connection_specification.rb:115:in `connection'
    /var/lib/gems/1.8/gems/activerecord-2.3.2/lib/active_record/query_cache.rb:9:in `cache'
    /var/lib/gems/1.8/gems/activerecord-2.3.2/lib/active_record/query_cache.rb:28:in `call'
    /var/lib/gems/1.8/gems/activerecord-2.3.2/lib/active_record/connection_adapters/abstract/connection_pool.rb:361:in `call'
    /var/lib/gems/1.8/gems/actionpack-2.3.2/lib/action_controller/vendor/rack-1.0/rack/head.rb:9:in `call'
    /var/lib/gems/1.8/gems/actionpack-2.3.2/lib/action_controller/vendor/rack-1.0/rack/methodoverride.rb:24:in `call'
    /var/lib/gems/1.8/gems/actionpack-2.3.2/lib/action_controller/params_parser.rb:15:in `call'
    /var/lib/gems/1.8/gems/actionpack-2.3.2/lib/action_controller/rewindable_input.rb:25:in `call'
    /var/lib/gems/1.8/gems/actionpack-2.3.2/lib/action_controller/session/cookie_store.rb:93:in `call'
    /var/lib/gems/1.8/gems/actionpack-2.3.2/lib/action_controller/reloader.rb:9:in `call'
    /var/lib/gems/1.8/gems/actionpack-2.3.2/lib/action_controller/failsafe.rb:11:in `call'
    /var/lib/gems/1.8/gems/actionpack-2.3.2/lib/action_controller/vendor/rack-1.0/rack/lock.rb:11:in `call'
    /var/lib/gems/1.8/gems/actionpack-2.3.2/lib/action_controller/vendor/rack-1.0/rack/lock.rb:11:in `synchronize'
    /var/lib/gems/1.8/gems/actionpack-2.3.2/lib/action_controller/vendor/rack-1.0/rack/lock.rb:11:in `call'
    /var/lib/gems/1.8/gems/actionpack-2.3.2/lib/action_controller/dispatcher.rb:106:in `call'
    /var/lib/gems/1.8/gems/actionpack-2.3.2/lib/action_controller/cgi_process.rb:44:in `dispatch_cgi'
    /var/lib/gems/1.8/gems/actionpack-2.3.2/lib/action_controller/dispatcher.rb:102:in `dispatch_cgi'
    /var/lib/gems/1.8/gems/actionpack-2.3.2/lib/action_controller/dispatcher.rb:28:in `dispatch'
    /var/lib/gems/1.8/gems/mongrel-1.1.5/bin/../lib/mongrel/rails.rb:76:in `process'
    /var/lib/gems/1.8/gems/mongrel-1.1.5/bin/../lib/mongrel/rails.rb:74:in `synchronize'
    /var/lib/gems/1.8/gems/mongrel-1.1.5/bin/../lib/mongrel/rails.rb:74:in `process'
    /var/lib/gems/1.8/gems/mongrel-1.1.5/bin/../lib/mongrel.rb:159:in `process_client'
    /var/lib/gems/1.8/gems/mongrel-1.1.5/bin/../lib/mongrel.rb:158:in `each'
    /var/lib/gems/1.8/gems/mongrel-1.1.5/bin/../lib/mongrel.rb:158:in `process_client'
    /var/lib/gems/1.8/gems/mongrel-1.1.5/bin/../lib/mongrel.rb:285:in `run'
    /var/lib/gems/1.8/gems/mongrel-1.1.5/bin/../lib/mongrel.rb:285:in `initialize'
    /var/lib/gems/1.8/gems/mongrel-1.1.5/bin/../lib/mongrel.rb:285:in `new'
    /var/lib/gems/1.8/gems/mongrel-1.1.5/bin/../lib/mongrel.rb:285:in `run'
    /var/lib/gems/1.8/gems/mongrel-1.1.5/bin/../lib/mongrel.rb:268:in `initialize'
    /var/lib/gems/1.8/gems/mongrel-1.1.5/bin/../lib/mongrel.rb:268:in `new'
    /var/lib/gems/1.8/gems/mongrel-1.1.5/bin/../lib/mongrel.rb:268:in `run'
    /var/lib/gems/1.8/gems/mongrel-1.1.5/bin/../lib/mongrel/configurator.rb:282:in `run'
    /var/lib/gems/1.8/gems/mongrel-1.1.5/bin/../lib/mongrel/configurator.rb:281:in `each'
    /var/lib/gems/1.8/gems/mongrel-1.1.5/bin/../lib/mongrel/configurator.rb:281:in `run'
    /var/lib/gems/1.8/gems/mongrel-1.1.5/bin/mongrel_rails:128:in `run'
    /var/lib/gems/1.8/gems/mongrel-1.1.5/bin/../lib/mongrel/command.rb:212:in `run'
    /var/lib/gems/1.8/gems/mongrel-1.1.5/bin/mongrel_rails:281
    /var/lib/gems/1.8/bin/mongrel_rails:19:in `load'
    /var/lib/gems/1.8/bin/mongrel_rails:19
/!\ FAILSAFE /!\  Fri Jan 22 11:26:07 +0530 2010
  Status: 500 Internal Server Error
  uninitialized constant Encoding
    /var/lib/gems/1.8/gems/activesupport-2.3.2/lib/active_support/dependencies.rb:443:in `load_missing_constant'
    /var/lib/gems/1.8/gems/activesupport-2.3.2/lib/active_support/dependencies.rb:80:in `const_missing'
    /var/lib/gems/1.8/gems/activesupport-2.3.2/lib/active_support/dependencies.rb:92:in `const_missing'
    /var/lib/gems/1.8/gems/sqlite3-0.0.6/lib/sqlite3/encoding.rb:9:in `find'
    /var/lib/gems/1.8/gems/sqlite3-0.0.6/lib/sqlite3/database.rb:69:in `initialize'
    /var/lib/gems/1.8/gems/activerecord-2.3.2/lib/active_record/connection_adapters/sqlite3_adapter.rb:13:in `new'
    /var/lib/gems/1.8/gems/activerecord-2.3.2/lib/active_record/connection_adapters/sqlite3_adapter.rb:13:in `sqlite3_connection'
    /var/lib/gems/1.8/gems/activerecord-2.3.2/lib/active_record/connection_adapters/abstract/connection_pool.rb:223:in `send'
    /var/lib/gems/1.8/gems/activerecord-2.3.2/lib/active_record/connection_adapters/abstract/connection_pool.rb:223:in `new_connection'
    /var/lib/gems/1.8/gems/activerecord-2.3.2/lib/active_record/connection_adapters/abstract/connection_pool.rb:245:in `checkout_new_connection'
    /var/lib/gems/1.8/gems/activerecord-2.3.2/lib/active_record/connection_adapters/abstract/connection_pool.rb:188:in `checkout'
    /var/lib/gems/1.8/gems/activerecord-2.3.2/lib/active_record/connection_adapters/abstract/connection_pool.rb:184:in `loop'
    /var/lib/gems/1.8/gems/activerecord-2.3.2/lib/active_record/connection_adapters/abstract/connection_pool.rb:184:in `checkout'
    /usr/lib/ruby/1.8/monitor.rb:242:in `synchronize'
    /var/lib/gems/1.8/gems/activerecord-2.3.2/lib/active_record/connection_adapters/abstract/connection_pool.rb:183:in `checkout'
    /var/lib/gems/1.8/gems/activerecord-2.3.2/lib/active_record/connection_adapters/abstract/connection_pool.rb:98:in `connection'
    /var/lib/gems/1.8/gems/activerecord-2.3.2/lib/active_record/connection_adapters/abstract/connection_pool.rb:326:in `retrieve_connection'
    /var/lib/gems/1.8/gems/activerecord-2.3.2/lib/active_record/connection_adapters/abstract/connection_specification.rb:123:in `retrieve_connection'
    /var/lib/gems/1.8/gems/activerecord-2.3.2/lib/active_record/connection_adapters/abstract/connection_specification.rb:115:in `connection'
    /var/lib/gems/1.8/gems/activerecord-2.3.2/lib/active_record/query_cache.rb:9:in `cache'
    /var/lib/gems/1.8/gems/activerecord-2.3.2/lib/active_record/query_cache.rb:28:in `call'
    /var/lib/gems/1.8/gems/activerecord-2.3.2/lib/active_record/connection_adapters/abstract/connection_pool.rb:361:in `call'
    /var/lib/gems/1.8/gems/actionpack-2.3.2/lib/action_controller/vendor/rack-1.0/rack/head.rb:9:in `call'
    /var/lib/gems/1.8/gems/actionpack-2.3.2/lib/action_controller/vendor/rack-1.0/rack/methodoverride.rb:24:in `call'
    /var/lib/gems/1.8/gems/actionpack-2.3.2/lib/action_controller/params_parser.rb:15:in `call'
    /var/lib/gems/1.8/gems/actionpack-2.3.2/lib/action_controller/rewindable_input.rb:25:in `call'
    /var/lib/gems/1.8/gems/actionpack-2.3.2/lib/action_controller/session/cookie_store.rb:93:in `call'
    /var/lib/gems/1.8/gems/actionpack-2.3.2/lib/action_controller/reloader.rb:9:in `call'
    /var/lib/gems/1.8/gems/actionpack-2.3.2/lib/action_controller/failsafe.rb:11:in `call'
    /var/lib/gems/1.8/gems/actionpack-2.3.2/lib/action_controller/vendor/rack-1.0/rack/lock.rb:11:in `call'
    /var/lib/gems/1.8/gems/actionpack-2.3.2/lib/action_controller/vendor/rack-1.0/rack/lock.rb:11:in `synchronize'
    /var/lib/gems/1.8/gems/actionpack-2.3.2/lib/action_controller/vendor/rack-1.0/rack/lock.rb:11:in `call'
    /var/lib/gems/1.8/gems/actionpack-2.3.2/lib/action_controller/dispatcher.rb:106:in `call'
    /var/lib/gems/1.8/gems/actionpack-2.3.2/lib/action_controller/cgi_process.rb:44:in `dispatch_cgi'
    /var/lib/gems/1.8/gems/actionpack-2.3.2/lib/action_controller/dispatcher.rb:102:in `dispatch_cgi'
    /var/lib/gems/1.8/gems/actionpack-2.3.2/lib/action_controller/dispatcher.rb:28:in `dispatch'
    /var/lib/gems/1.8/gems/mongrel-1.1.5/bin/../lib/mongrel/rails.rb:76:in `process'
    /var/lib/gems/1.8/gems/mongrel-1.1.5/bin/../lib/mongrel/rails.rb:74:in `synchronize'
    /var/lib/gems/1.8/gems/mongrel-1.1.5/bin/../lib/mongrel/rails.rb:74:in `process'
    /var/lib/gems/1.8/gems/mongrel-1.1.5/bin/../lib/mongrel.rb:159:in `process_client'
    /var/lib/gems/1.8/gems/mongrel-1.1.5/bin/../lib/mongrel.rb:158:in `each'
    /var/lib/gems/1.8/gems/mongrel-1.1.5/bin/../lib/mongrel.rb:158:in `process_client'
    /var/lib/gems/1.8/gems/mongrel-1.1.5/bin/../lib/mongrel.rb:285:in `run'
    /var/lib/gems/1.8/gems/mongrel-1.1.5/bin/../lib/mongrel.rb:285:in `initialize'
    /var/lib/gems/1.8/gems/mongrel-1.1.5/bin/../lib/mongrel.rb:285:in `new'
    /var/lib/gems/1.8/gems/mongrel-1.1.5/bin/../lib/mongrel.rb:285:in `run'
    /var/lib/gems/1.8/gems/mongrel-1.1.5/bin/../lib/mongrel.rb:268:in `initialize'
    /var/lib/gems/1.8/gems/mongrel-1.1.5/bin/../lib/mongrel.rb:268:in `new'
    /var/lib/gems/1.8/gems/mongrel-1.1.5/bin/../lib/mongrel.rb:268:in `run'
    /var/lib/gems/1.8/gems/mongrel-1.1.5/bin/../lib/mongrel/configurator.rb:282:in `run'
    /var/lib/gems/1.8/gems/mongrel-1.1.5/bin/../lib/mongrel/configurator.rb:281:in `each'
    /var/lib/gems/1.8/gems/mongrel-1.1.5/bin/../lib/mongrel/configurator.rb:281:in `run'
    /var/lib/gems/1.8/gems/mongrel-1.1.5/bin/mongrel_rails:128:in `run'
    /var/lib/gems/1.8/gems/mongrel-1.1.5/bin/../lib/mongrel/command.rb:212:in `run'
    /var/lib/gems/1.8/gems/mongrel-1.1.5/bin/mongrel_rails:281
    /var/lib/gems/1.8/bin/mongrel_rails:19:in `load'
    /var/lib/gems/1.8/bin/mongrel_rails:19


Processing ApplicationController#index (for 127.0.0.1 at 2010-01-22 11:29:05) [GET]

ActionController::RoutingError (No route matches "/" with {:method=>:get}):
  

Rendering rescues/layout (not_found)


Processing FacebookController#index (for 127.0.0.1 at 2010-01-22 11:30:17) [GET]
Rendering facebook/index
Completed in 30ms (View: 18, DB: 0) | 200 OK [http://localhost/]


Processing FacebookController#index (for 127.0.0.1 at 2010-01-22 12:06:13) [GET]
Rendering facebook/index
Completed in 7ms (View: 2, DB: 0) | 200 OK [http://prateekdayal.net/]


Processing FacebookController#index (for 127.0.0.1 at 2010-01-22 12:31:40) [GET]
Rendering facebook/index
Completed in 7ms (View: 2, DB: 0) | 200 OK [http://prateekdayal.net/]


Processing FacebookController#index (for 127.0.0.1 at 2010-01-22 14:19:55) [GET]
Rendering facebook/index
Completed in 35ms (View: 30, DB: 0) | 200 OK [http://localhost/]


Processing ApplicationController#index (for 127.0.0.1 at 2010-01-22 14:38:11) [GET]
  Parameters: {"guid"=>"0.07672159132117706", "session"=>"{\"session_key\":\"3.fFBZ5XnFJ4rUomYRNC2x8Q__.3600.1264158000-505289634\",\"uid\":505289634,\"expires\":1264158000,\"secret\":\"GLAyULMKwlY_3DjLsNEWLQ__\",\"sig\":\"830f596604b1f8caaf5d72ded78bae58\"}", "fb_login"=>nil, "fname"=>"_opener"}

ActionController::RoutingError (No route matches "/xd_receiver.htm" with {:method=>:get}):
  

Rendering rescues/layout (not_found)
